2025-12-06 18:11:29 | INFO     | __main__:main:448 - ============================================================
2025-12-06 18:11:29 | INFO     | __main__:main:449 - INICIANDO BOT DE TRADING
2025-12-06 18:11:29 | INFO     | __main__:main:450 - ============================================================
2025-12-06 18:11:29 | INFO     | __main__:main:451 - Modo: cli
2025-12-06 18:11:29 | INFO     | __main__:main:452 - Configuración: configs/config.yml
2025-12-06 18:11:29 | INFO     | __main__:main:453 - Log level: INFO
2025-12-06 18:11:29 | INFO     | __main__:modo_cli:81 - Iniciando modo línea de comandos...
2025-12-06 18:11:29 | INFO     | core.bot:__init__:18 - Bot inicializado - Modo: simulado
2025-12-06 18:11:29 | INFO     | __main__:modo_cli:89 - Inicializando módulos...
2025-12-06 18:11:29 | INFO     | core.bot:inicializar_modulos:24 - Inicializando módulos del bot...
2025-12-06 18:11:29 | INFO     | core.bot:inicializar_mt5:35 - Conectando a MT5...
2025-12-06 18:11:29 | INFO     | core.bot:inicializar_mt5:47 - ✅ Conectado a MT5 - Cuenta: 197991667
2025-12-06 18:11:29 | INFO     | core.bot:inicializar_mt5:48 -    Balance: $5000.00
2025-12-06 18:11:29 | INFO     | core.bot:inicializar_mt5:49 -    Servidor: Exness-MT5Trial11
2025-12-06 18:11:29 | INFO     | core.bot:inicializar_modulos:30 - ✅ Módulos inicializados correctamente
2025-12-06 18:11:29 | ERROR    | __main__:modo_cli:119 - Error en modo CLI: 'ConfigManager' object has no attribute 'modo_actual'
2025-12-06 18:11:29 | ERROR    | __main__:modo_cli:121 - Traceback (most recent call last):
  File "C:\Users\ASUS\Documents\Bots\Binance\bot 2\main.py", line 93, in modo_cli
    if bot.config.modo_actual == 'real':
AttributeError: 'ConfigManager' object has no attribute 'modo_actual'

2025-12-06 18:11:29 | INFO     | __main__:main:480 - ============================================================
2025-12-06 18:11:29 | INFO     | __main__:main:481 - BOT DE TRADING FINALIZADO
2025-12-06 18:11:29 | INFO     | __main__:main:482 - ============================================================
